<?xml version="1.0" encoding="UTF-8"?>
<!-- Generated by org.testng.reporters.JUnitReportReporter -->
<testsuite hostname="Madhawas-MacBook-Air.local" failures="0" tests="1" name="TestClasses.HomeTest" time="8.500" errors="0" timestamp="09 May 2021 16:48:18 GMT" skipped="0">
  <testcase classname="TestClasses.HomeTest" name="ActiveButtonGetText" time="8.500"/>
</testsuite> <!-- TestClasses.HomeTest -->
